app/build/intermediates/manifest_merge_blame_file/debug/manifest-merger-blame-debug-report.txt
1<?xml version="1.0" encoding="utf-8"?>
2<manifest xmlns:android="http://schemas.android.com/apk/res/android"
3    package="com.example.mlapp"
4    android:versionCode="1"
5    android:versionName="1.0" >
6
7    <uses-sdk
8        android:minSdkVersion="21"
8-->src\main\AndroidManifest.xml
9        android:targetSdkVersion="28" />
9-->src\main\AndroidManifest.xml
10
11    <uses-permission android:name="android.permission.CAMERA" />
11-->src\main\AndroidManifest.xml:7:5-65
11-->src\main\AndroidManifest.xml:7:22-62
12
13    <uses-feature
13-->src\main\AndroidManifest.xml:9:5-84
14        android:name="android.hardware.camera"
14-->src\main\AndroidManifest.xml:9:19-57
15        android:required="false" />
15-->src\main\AndroidManifest.xml:9:58-82
16    <uses-feature
16-->src\main\AndroidManifest.xml:10:5-95
17        android:name="android.hardware.camera.autofocus"
17-->src\main\AndroidManifest.xml:10:19-67
18        android:required="false" />
18-->src\main\AndroidManifest.xml:10:68-92
19    <uses-feature
19-->src\main\AndroidManifest.xml:11:5-87
20        android:name="android.software.leanback"
20-->src\main\AndroidManifest.xml:11:19-59
21        android:required="false" />
21-->src\main\AndroidManifest.xml:11:60-84
22    <uses-feature
22-->src\main\AndroidManifest.xml:12:5-14:36
23        android:name="android.hardware.touchscreen"
23-->src\main\AndroidManifest.xml:13:9-52
24        android:required="false" />
24-->src\main\AndroidManifest.xml:14:9-33
25
26    <uses-permission android:name="android.permission.VIBRATE" />
26-->src\main\AndroidManifest.xml:16:5-66
26-->src\main\AndroidManifest.xml:16:22-63
27    <uses-permission android:name="android.permission.WRITE_EXTERNAL_STORAGE" />
27-->src\main\AndroidManifest.xml:17:5-81
27-->src\main\AndroidManifest.xml:17:22-78
28    <uses-permission android:name="android.permission.RECORD_AUDIO" />
28-->src\main\AndroidManifest.xml:18:5-71
28-->src\main\AndroidManifest.xml:18:22-68
29    <uses-permission android:name="android.permission.READ_PHONE_STATE" />
30    <uses-permission android:name="android.permission.READ_EXTERNAL_STORAGE" />
31
32    <application
32-->src\main\AndroidManifest.xml:21:5-43:19
33        android:allowBackup="true"
33-->src\main\AndroidManifest.xml:22:9-35
34        android:appComponentFactory="androidx.core.app.CoreComponentFactory"
34-->[androidx.core:core:1.3.1] AndroidManifest.xml:24:18-86
35        android:debuggable="true"
36        android:icon="@mipmap/ic_launcher"
36-->src\main\AndroidManifest.xml:23:9-43
37        android:label="@string/app_name"
37-->src\main\AndroidManifest.xml:24:9-41
38        android:roundIcon="@mipmap/ic_launcher_round"
38-->src\main\AndroidManifest.xml:25:9-54
39        android:supportsRtl="true"
39-->src\main\AndroidManifest.xml:26:9-35
40        android:testOnly="true"
41        android:theme="@style/AppTheme" >
41-->src\main\AndroidManifest.xml:27:9-40
42        <activity android:name="com.example.mlapp.SplashActivity" >
42-->src\main\AndroidManifest.xml:28:9-33:20
42-->src\main\AndroidManifest.xml:28:19-49
43            <intent-filter>
43-->src\main\AndroidManifest.xml:29:13-32:29
44                <action android:name="android.intent.action.MAIN" />
44-->src\main\AndroidManifest.xml:30:17-69
44-->src\main\AndroidManifest.xml:30:25-66
45
46                <category android:name="android.intent.category.LAUNCHER" />
46-->src\main\AndroidManifest.xml:31:17-77
46-->src\main\AndroidManifest.xml:31:27-74
47            </intent-filter>
48        </activity>
49        <activity android:name="com.example.mlapp.MainActivity" />
49-->src\main\AndroidManifest.xml:34:9-59
49-->src\main\AndroidManifest.xml:34:19-47
50        <activity
50-->src\main\AndroidManifest.xml:35:9-41:20
51            android:name="com.example.mlapp.DetectorActivity"
51-->src\main\AndroidManifest.xml:35:19-51
52            android:screenOrientation="portrait" >
52-->src\main\AndroidManifest.xml:36:13-49
53            <intent-filter>
53-->src\main\AndroidManifest.xml:37:13-39:29
54                <category android:name="android.intent.category.LEANBACK_LAUNCHER" />
54-->src\main\AndroidManifest.xml:38:17-87
54-->src\main\AndroidManifest.xml:38:27-83
55            </intent-filter>
56        </activity>
57        <activity android:name="com.example.mlapp.CameraActivity" />
57-->src\main\AndroidManifest.xml:42:9-61
57-->src\main\AndroidManifest.xml:42:19-49
58    </application>
59
60</manifest>